[2023-06-17 00:05:22] INFO root fetch - main [MainThread]: Get Changelog since Serial: [18537757]
[2023-06-17 00:05:27] INFO root fetch - main [MainThread]: Found 11 changed packages
[2023-06-17 00:05:27] INFO root fetch - processPackages [ThreadPoolExecutor-0_0]: Start processing: thundra
[2023-06-17 00:05:27] INFO root fetch - processPackages [ThreadPoolExecutor-0_1]: Start processing: odoo14-addon-l10n-br-nfe
[2023-06-17 00:05:27] INFO root fetch - processPackages [ThreadPoolExecutor-0_2]: Start processing: gcsaws
[2023-06-17 00:05:27] INFO root fetch - processPackages [ThreadPoolExecutor-0_3]: Start processing: altimeter
[2023-06-17 00:05:27] INFO root fetch - processPackages [ThreadPoolExecutor-0_4]: Start processing: docusign-click
[2023-06-17 00:05:27] INFO root fetch - processPackages [ThreadPoolExecutor-0_5]: Start processing: dbt-semantic-interfaces
[2023-06-17 00:05:27] INFO root fetch - processPackages [ThreadPoolExecutor-0_6]: Start processing: thundra
[2023-06-17 00:05:27] INFO root fetch - processPackages [ThreadPoolExecutor-0_7]: Start processing: gitaudit
[2023-06-17 00:05:27] INFO root fetch - processPackages [ThreadPoolExecutor-0_8]: Start processing: aolab-bmi3d
[2023-06-17 00:05:27] INFO root fetch - processPackages [ThreadPoolExecutor-0_9]: Start processing: agh-vqis
[2023-06-17 00:05:27] INFO root fetch - processPackages [odoo14-addon-l10n-br-nfe]: New version: [14.0.8.4.1] Old Version: [14.0.8.4.0]
[2023-06-17 00:05:27] INFO root fetch - processPackages [gcsaws]: New version: [0.0.9] Old Version: [0.0.8]
[2023-06-17 00:05:27] INFO root fetch - processPackages [docusign-click]: New version: [1.4.0] Old Version: [1.3.0]
[2023-06-17 00:05:27] INFO root fetch - processPackages [agh-vqis]: New version: [3.0.1] Old Version: [2.9.0]
[2023-06-17 00:05:27] INFO root fetch - processPackages [thundra]: New version: [4.0.0rc20230615143340] Old Version: [4.0.0rc20230615143333]
[2023-06-17 00:05:27] INFO root fetch - processPackages [aolab-bmi3d]: New version: [0.9.3.6] Old Version: [0.9.3.5]
[2023-06-17 00:05:27] INFO root fetch - processPackages [dbt-semantic-interfaces]: New version: [0.1.0.dev7] Old Version: [0.1.0.dev6]
[2023-06-17 00:05:27] INFO root fetch - processPackages [thundra]: New version: [4.0.0rc20230615143340] Old Version: [4.0.0rc20230615143333]
[2023-06-17 00:05:27] INFO root fetch - processPackages [gitaudit]: New version: [0.9.0] Old Version: [0.8.8]
[2023-06-17 00:05:27] INFO root fetch - processPackages [altimeter]: New version: [6.4.9] Old Version: [6.4.8]
[2023-06-17 00:05:27] INFO root fetch - processPackages [thundra]: Downloading https://files.pythonhosted.org/packages/3b/e8/b36560c49992ab3ed97b64a43b128a251b36a667a9b40193cc1c24940822/thundra-4.0.0rc20230615143333.tar.gz
[2023-06-17 00:05:27] INFO root fetch - processPackages [thundra]: Downloading https://files.pythonhosted.org/packages/3b/e8/b36560c49992ab3ed97b64a43b128a251b36a667a9b40193cc1c24940822/thundra-4.0.0rc20230615143333.tar.gz
[2023-06-17 00:05:27] INFO root fetch - processPackages [dbt-semantic-interfaces]: Downloading https://files.pythonhosted.org/packages/56/66/691c8ffcc2ca3232d930848d278a9b02b9d58a0162f4f2fd4b13f6597c5e/dbt_semantic_interfaces-0.1.0.dev6.tar.gz
[2023-06-17 00:05:27] INFO root fetch - processPackages [gitaudit]: Downloading https://files.pythonhosted.org/packages/2d/30/e3485fc05b26e6d8d4ef8c4523b201e1e9c27c1f31908756f521ca2c8274/gitaudit-0.8.8.tar.gz
[2023-06-17 00:05:27] INFO root fetch - processPackages [aolab-bmi3d]: Downloading https://files.pythonhosted.org/packages/4b/22/d8179614383448c18100da3d92108df866cae71ab06b6f2bb0e0bf593186/aolab-bmi3d-0.9.3.5.tar.gz
[2023-06-17 00:05:27] INFO root fetch - processPackages [odoo14-addon-l10n-br-nfe]: Downloading https://files.pythonhosted.org/packages/88/60/da555de62f52d940f0b597e7e767968f1e6f74137a1b0d0dca572f6e9236/odoo14_addon_l10n_br_nfe-14.0.8.4.0-py3-none-any.whl
[2023-06-17 00:05:28] INFO root fetch - processPackages [gcsaws]: Downloading https://files.pythonhosted.org/packages/08/8a/05177a8c3cb408994fbcadd1de82000fad9fc69f43879dc65f5f5dc1d4b8/gcsaws-0.0.8.tar.gz
[2023-06-17 00:05:28] INFO root fetch - processPackages [docusign-click]: Downloading https://files.pythonhosted.org/packages/5e/79/4eea846c5f170e6571d764954a70a489103f41d3eb2409641bfa8a2d4600/docusign-click-1.3.0.tar.gz
[2023-06-17 00:05:28] INFO root fetch - processPackages [thundra]: Downloading https://files.pythonhosted.org/packages/ef/bd/e3b3a45c5197bdd3cb14f46f082bc37ae59f16b51270837803c84f6fadff/thundra-4.0.0rc20230615143340-py3-none-any.whl
[2023-06-17 00:05:28] INFO root fetch - processPackages [altimeter]: Downloading https://files.pythonhosted.org/packages/7c/0f/f8adb02d3271344ca9fa5cb95c763e3451b3ab3df4d898a5a1882f800acd/altimeter-6.4.8-py2.py3-none-any.whl
[2023-06-17 00:05:28] INFO root fetch - processPackages [agh-vqis]: Downloading https://files.pythonhosted.org/packages/eb/fc/70299189da7a8857545fc305ae7d3ddbb159807a26d4ddf1bfb5b5fe444b/agh_vqis-2.9.0.tar.gz
[2023-06-17 00:05:28] INFO root fetch - processPackages [thundra]: Downloading https://files.pythonhosted.org/packages/ef/bd/e3b3a45c5197bdd3cb14f46f082bc37ae59f16b51270837803c84f6fadff/thundra-4.0.0rc20230615143340-py3-none-any.whl
[2023-06-17 00:05:28] INFO root fetch - processPackages [gitaudit]: Downloading https://files.pythonhosted.org/packages/6d/54/70a010633ae2008eb8086ae94d16bdd384331aa2117faa3e29f8ccfbfd59/gitaudit-0.9.0.tar.gz
[2023-06-17 00:05:28] INFO root fetch - processPackages [thundra]: executing diffoscope
[2023-06-17 00:05:28] INFO root fetch - processPackages [thundra]: podman run --user 0:0 --rm -w /home/abi/fetcher -v /home/abi/fetcher/tmp:/home/abi/fetcher/tmp:ro -v /home/abi/fetcher/20230617:/home/abi/fetcher/20230617:rw registry.salsa.debian.org/reproducible-builds/diffoscope --no-progress tmp/thundra-4.0.0rc20230615143333.tar.gz tmp/thundra-4.0.0rc20230615143340-py3-none-any.whl.zip --markdown 20230617/t/thundra/4.0.0rc20230615143333-4.0.0rc20230615143340/diff.md --exclude *.pyd
[2023-06-17 00:05:28] INFO root fetch - processPackages [thundra]: executing diffoscope
[2023-06-17 00:05:28] INFO root fetch - processPackages [thundra]: podman run --user 0:0 --rm -w /home/abi/fetcher -v /home/abi/fetcher/tmp:/home/abi/fetcher/tmp:ro -v /home/abi/fetcher/20230617:/home/abi/fetcher/20230617:rw registry.salsa.debian.org/reproducible-builds/diffoscope --no-progress tmp/thundra-4.0.0rc20230615143333.tar.gz tmp/thundra-4.0.0rc20230615143340-py3-none-any.whl.zip --markdown 20230617/t/thundra/4.0.0rc20230615143333-4.0.0rc20230615143340/diff.md --exclude *.pyd
[2023-06-17 00:05:28] INFO root fetch - processPackages [gitaudit]: executing diffoscope
[2023-06-17 00:05:28] INFO root fetch - processPackages [gitaudit]: podman run --user 0:0 --rm -w /home/abi/fetcher -v /home/abi/fetcher/tmp:/home/abi/fetcher/tmp:ro -v /home/abi/fetcher/20230617:/home/abi/fetcher/20230617:rw registry.salsa.debian.org/reproducible-builds/diffoscope --no-progress tmp/gitaudit-0.8.8.tar.gz tmp/gitaudit-0.9.0.tar.gz --markdown 20230617/g/gitaudit/0.8.8-0.9.0/diff.md --exclude *.pyd
[2023-06-17 00:05:28] INFO root fetch - processPackages [dbt-semantic-interfaces]: Downloading https://files.pythonhosted.org/packages/ea/33/c326950013c2e30c31b81f13c08a5229485a698bc1f8b52e50a88573b39d/dbt_semantic_interfaces-0.1.0.dev7.tar.gz
[2023-06-17 00:05:28] INFO root fetch - processPackages [odoo14-addon-l10n-br-nfe]: Downloading https://files.pythonhosted.org/packages/a6/34/00cc0280741faed2f10f44c86094a39f422bb06e98b7f3901dd8a67fa504/odoo14_addon_l10n_br_nfe-14.0.8.4.1-py3-none-any.whl
[2023-06-17 00:05:28] INFO root fetch - processPackages [aolab-bmi3d]: Downloading https://files.pythonhosted.org/packages/70/2e/dbdcc37884e875b28e98d89c7b151ec8515724a37fa7142dc2082e7b9855/aolab-bmi3d-0.9.3.6.tar.gz
[2023-06-17 00:05:28] INFO root fetch - processPackages [docusign-click]: Downloading https://files.pythonhosted.org/packages/9a/5c/e75b729946b05d21c030a3fde446862d2268b9e2df7a871b93b235e3acda/docusign-click-1.4.0.tar.gz
[2023-06-17 00:05:28] INFO root fetch - processPackages [odoo14-addon-l10n-br-nfe]: executing diffoscope
[2023-06-17 00:05:28] INFO root fetch - processPackages [odoo14-addon-l10n-br-nfe]: podman run --user 0:0 --rm -w /home/abi/fetcher -v /home/abi/fetcher/tmp:/home/abi/fetcher/tmp:ro -v /home/abi/fetcher/20230617:/home/abi/fetcher/20230617:rw registry.salsa.debian.org/reproducible-builds/diffoscope --no-progress tmp/odoo14_addon_l10n_br_nfe-14.0.8.4.0-py3-none-any.whl.zip tmp/odoo14_addon_l10n_br_nfe-14.0.8.4.1-py3-none-any.whl.zip --markdown 20230617/o/odoo14-addon-l10n-br-nfe/14.0.8.4.0-14.0.8.4.1/diff.md --exclude *.pyd
[2023-06-17 00:05:28] INFO root fetch - processPackages [agh-vqis]: Downloading https://files.pythonhosted.org/packages/e7/b1/a37a462c10e9d91df3b2b7228ed2809ecc6af3fe5cfe9f818ea674e8dda3/agh_vqis-3.0.1.tar.gz
[2023-06-17 00:05:28] INFO root fetch - processPackages [gcsaws]: Downloading https://files.pythonhosted.org/packages/f4/61/f3000e49f08920b77b2c1f4c0457ef630f7468369f2690897f29c45ca10a/gcsaws-0.0.9.tar.gz
[2023-06-17 00:05:28] INFO root fetch - processPackages [dbt-semantic-interfaces]: executing diffoscope
[2023-06-17 00:05:28] INFO root fetch - processPackages [dbt-semantic-interfaces]: podman run --user 0:0 --rm -w /home/abi/fetcher -v /home/abi/fetcher/tmp:/home/abi/fetcher/tmp:ro -v /home/abi/fetcher/20230617:/home/abi/fetcher/20230617:rw registry.salsa.debian.org/reproducible-builds/diffoscope --no-progress tmp/dbt_semantic_interfaces-0.1.0.dev6.tar.gz tmp/dbt_semantic_interfaces-0.1.0.dev7.tar.gz --markdown 20230617/d/dbt-semantic-interfaces/0.1.0.dev6-0.1.0.dev7/diff.md --exclude *.pyd
[2023-06-17 00:05:28] INFO root fetch - processPackages [altimeter]: Downloading https://files.pythonhosted.org/packages/ef/ff/4a2d3a5a1728069ee4e480ce83b58fb19db2db0c10eda9436094b40f5a83/altimeter-6.4.9-py2.py3-none-any.whl
[2023-06-17 00:05:28] INFO root fetch - processPackages [aolab-bmi3d]: executing diffoscope
[2023-06-17 00:05:28] INFO root fetch - processPackages [aolab-bmi3d]: podman run --user 0:0 --rm -w /home/abi/fetcher -v /home/abi/fetcher/tmp:/home/abi/fetcher/tmp:ro -v /home/abi/fetcher/20230617:/home/abi/fetcher/20230617:rw registry.salsa.debian.org/reproducible-builds/diffoscope --no-progress tmp/aolab-bmi3d-0.9.3.5.tar.gz tmp/aolab-bmi3d-0.9.3.6.tar.gz --markdown 20230617/a/aolab-bmi3d/0.9.3.5-0.9.3.6/diff.md --exclude *.pyd
[2023-06-17 00:05:28] INFO root fetch - processPackages [gcsaws]: executing diffoscope
[2023-06-17 00:05:28] INFO root fetch - processPackages [gcsaws]: podman run --user 0:0 --rm -w /home/abi/fetcher -v /home/abi/fetcher/tmp:/home/abi/fetcher/tmp:ro -v /home/abi/fetcher/20230617:/home/abi/fetcher/20230617:rw registry.salsa.debian.org/reproducible-builds/diffoscope --no-progress tmp/gcsaws-0.0.8.tar.gz tmp/gcsaws-0.0.9.tar.gz --markdown 20230617/g/gcsaws/0.0.8-0.0.9/diff.md --exclude *.pyd
[2023-06-17 00:05:28] INFO root fetch - processPackages [agh-vqis]: executing diffoscope
[2023-06-17 00:05:28] INFO root fetch - processPackages [agh-vqis]: podman run --user 0:0 --rm -w /home/abi/fetcher -v /home/abi/fetcher/tmp:/home/abi/fetcher/tmp:ro -v /home/abi/fetcher/20230617:/home/abi/fetcher/20230617:rw registry.salsa.debian.org/reproducible-builds/diffoscope --no-progress tmp/agh_vqis-2.9.0.tar.gz tmp/agh_vqis-3.0.1.tar.gz --markdown 20230617/a/agh-vqis/2.9.0-3.0.1/diff.md --exclude *.pyd
[2023-06-17 00:05:28] INFO root fetch - processPackages [docusign-click]: executing diffoscope
[2023-06-17 00:05:28] INFO root fetch - processPackages [docusign-click]: podman run --user 0:0 --rm -w /home/abi/fetcher -v /home/abi/fetcher/tmp:/home/abi/fetcher/tmp:ro -v /home/abi/fetcher/20230617:/home/abi/fetcher/20230617:rw registry.salsa.debian.org/reproducible-builds/diffoscope --no-progress tmp/docusign-click-1.3.0.tar.gz tmp/docusign-click-1.4.0.tar.gz --markdown 20230617/d/docusign-click/1.3.0-1.4.0/diff.md --exclude *.pyd
[2023-06-17 00:05:28] INFO root fetch - processPackages [altimeter]: executing diffoscope
[2023-06-17 00:05:28] INFO root fetch - processPackages [altimeter]: podman run --user 0:0 --rm -w /home/abi/fetcher -v /home/abi/fetcher/tmp:/home/abi/fetcher/tmp:ro -v /home/abi/fetcher/20230617:/home/abi/fetcher/20230617:rw registry.salsa.debian.org/reproducible-builds/diffoscope --no-progress tmp/altimeter-6.4.8-py2.py3-none-any.whl.zip tmp/altimeter-6.4.9-py2.py3-none-any.whl.zip --markdown 20230617/a/altimeter/6.4.8-6.4.9/diff.md --exclude *.pyd
[2023-06-17 00:05:30] INFO root fetch - processPackages [gcsaws]: Remove: archive file [/home/abi/fetcher/tmp/gcsaws-0.0.8.tar.gz]
[2023-06-17 00:05:30] INFO root fetch - processPackages [gcsaws]: Remove: archive file [/home/abi/fetcher/tmp/gcsaws-0.0.9.tar.gz]
[2023-06-17 00:05:30] INFO root fetch - processPackages [gcsaws]: Start processing: careamics-portfolio
[2023-06-17 00:05:30] INFO root fetch - main [MainThread]: End processing [gcsaws]: success
[2023-06-17 00:05:30] WARNING root fetch - processPackages [careamics-portfolio]: Skipping, unable to determine old version
[2023-06-17 00:05:30] INFO root fetch - main [MainThread]: End processing [careamics-portfolio] error
[2023-06-17 00:05:30] INFO root fetch - processPackages [gitaudit]: Remove: archive file [/home/abi/fetcher/tmp/gitaudit-0.8.8.tar.gz]
[2023-06-17 00:05:30] INFO root fetch - processPackages [gitaudit]: Remove: archive file [/home/abi/fetcher/tmp/gitaudit-0.9.0.tar.gz]
[2023-06-17 00:05:30] INFO root fetch - main [MainThread]: End processing [gitaudit]: success
[2023-06-17 00:05:30] INFO root fetch - processPackages [agh-vqis]: Remove: archive file [/home/abi/fetcher/tmp/agh_vqis-2.9.0.tar.gz]
[2023-06-17 00:05:30] INFO root fetch - processPackages [agh-vqis]: Remove: archive file [/home/abi/fetcher/tmp/agh_vqis-3.0.1.tar.gz]
[2023-06-17 00:05:30] INFO root fetch - main [MainThread]: End processing [agh-vqis]: success
[2023-06-17 00:05:30] INFO root fetch - processPackages [thundra]: Remove: archive file [/home/abi/fetcher/tmp/thundra-4.0.0rc20230615143333.tar.gz]
[2023-06-17 00:05:30] INFO root fetch - processPackages [thundra]: Remove: archive file [/home/abi/fetcher/tmp/thundra-4.0.0rc20230615143340-py3-none-any.whl.zip]
[2023-06-17 00:05:30] INFO root fetch - main [MainThread]: End processing [thundra]: success
[2023-06-17 00:05:30] INFO root fetch - processPackages [dbt-semantic-interfaces]: Remove: archive file [/home/abi/fetcher/tmp/dbt_semantic_interfaces-0.1.0.dev6.tar.gz]
[2023-06-17 00:05:30] INFO root fetch - processPackages [dbt-semantic-interfaces]: Remove: archive file [/home/abi/fetcher/tmp/dbt_semantic_interfaces-0.1.0.dev7.tar.gz]
[2023-06-17 00:05:30] INFO root fetch - main [MainThread]: End processing [dbt-semantic-interfaces]: success
[2023-06-17 00:05:30] INFO root fetch - processPackages [docusign-click]: Remove: archive file [/home/abi/fetcher/tmp/docusign-click-1.3.0.tar.gz]
[2023-06-17 00:05:30] INFO root fetch - processPackages [docusign-click]: Remove: archive file [/home/abi/fetcher/tmp/docusign-click-1.4.0.tar.gz]
[2023-06-17 00:05:30] INFO root fetch - main [MainThread]: End processing [docusign-click]: success
[2023-06-17 00:05:30] INFO root fetch - processPackages [odoo14-addon-l10n-br-nfe]: Remove: archive file [/home/abi/fetcher/tmp/odoo14_addon_l10n_br_nfe-14.0.8.4.0-py3-none-any.whl.zip]
[2023-06-17 00:05:30] INFO root fetch - processPackages [odoo14-addon-l10n-br-nfe]: Remove: archive file [/home/abi/fetcher/tmp/odoo14_addon_l10n_br_nfe-14.0.8.4.1-py3-none-any.whl.zip]
[2023-06-17 00:05:30] INFO root fetch - main [MainThread]: End processing [odoo14-addon-l10n-br-nfe]: success
[2023-06-17 00:05:30] INFO root fetch - main [MainThread]: End processing [thundra]: success
[2023-06-17 00:05:31] INFO root fetch - processPackages [aolab-bmi3d]: Remove: archive file [/home/abi/fetcher/tmp/aolab-bmi3d-0.9.3.5.tar.gz]
[2023-06-17 00:05:31] INFO root fetch - processPackages [aolab-bmi3d]: Remove: archive file [/home/abi/fetcher/tmp/aolab-bmi3d-0.9.3.6.tar.gz]
[2023-06-17 00:05:31] INFO root fetch - main [MainThread]: End processing [aolab-bmi3d]: success
[2023-06-17 00:05:31] INFO root fetch - processPackages [altimeter]: Remove: archive file [/home/abi/fetcher/tmp/altimeter-6.4.8-py2.py3-none-any.whl.zip]
[2023-06-17 00:05:31] INFO root fetch - processPackages [altimeter]: Remove: archive file [/home/abi/fetcher/tmp/altimeter-6.4.9-py2.py3-none-any.whl.zip]
[2023-06-17 00:05:31] INFO root fetch - main [MainThread]: End processing [altimeter]: success
[2023-06-17 00:05:31] INFO root fetch - main [MainThread]: Store serial: [18537820]
